<?xml version="1.0" encoding="UTF-8"?>
<!-- Generated by org.testng.reporters.JUnitReportReporter -->
<testsuite hostname="AsusROG" failures="0" tests="7" name="task8.Task8Test" time="0.005" errors="0" timestamp="2025-09-25T21:39:02 EEST" skipped="0">
  <testcase classname="task8.Task8Test" name="testCompareTo" time="0.000"/>
  <testcase classname="task8.Task8Test" name="testCompareTo" time="0.000"/>
  <testcase classname="task8.Task8Test" name="testEquals" time="0.000"/>
  <testcase classname="task8.Task8Test" name="testEquals" time="0.000"/>
  <testcase classname="task8.Task8Test" name="testEquals" time="0.001"/>
  <testcase classname="task8.Task8Test" name="testWithParameters" time="0.001"/>
  <testcase classname="task8.Task8Test" name="testCompareTo" time="0.003"/>
</testsuite> <!-- task8.Task8Test -->
